WebappLoader[]: Deploying class repositories to work directory C:\tarau\workspace\.metadata\.plugins\org.eclipse.tomcat\ROOT
ContextConfig[]: Added certificates -> request attribute Valve
StandardManager[]: Seeding random number generator class java.security.SecureRandom
StandardManager[]: Seeding of random number generator has been completed
StandardWrapper[:default]: Loading container servlet default
StandardWrapper[:invoker]: Loading container servlet invoker
CoyoteConnector Coyote can't register jmx for protocol
WebappLoader[]: Deploying class repositories to work directory C:\tarau\workspace\.metadata\.plugins\org.eclipse.tomcat\ROOT
ContextConfig[]: Added certificates -> request attribute Valve
StandardManager[]: Seeding random number generator class java.security.SecureRandom
StandardManager[]: Seeding of random number generator has been completed
StandardWrapper[:default]: Loading container servlet default
StandardWrapper[:invoker]: Loading container servlet invoker
CoyoteConnector Coyote can't register jmx for protocol
WebappLoader[]: Deploying class repositories to work directory C:\tarau\workspace\.metadata\.plugins\org.eclipse.tomcat\ROOT
ContextConfig[]: Added certificates -> request attribute Valve
StandardManager[]: Seeding random number generator class java.security.SecureRandom
StandardManager[]: Seeding of random number generator has been completed
StandardWrapper[:default]: Loading container servlet default
StandardWrapper[:invoker]: Loading container servlet invoker
CoyoteConnector Coyote can't register jmx for protocol
WebappLoader[]: Deploying class repositories to work directory C:\tarau\workspace\.metadata\.plugins\org.eclipse.tomcat\ROOT
ContextConfig[]: Added certificates -> request attribute Valve
StandardManager[]: Seeding random number generator class java.security.SecureRandom
StandardManager[]: Seeding of random number generator has been completed
StandardWrapper[:default]: Loading container servlet default
StandardWrapper[:invoker]: Loading container servlet invoker
CoyoteConnector Coyote can't register jmx for protocol
WebappLoader[]: Deploying class repositories to work directory C:\tarau\workspace\.metadata\.plugins\org.eclipse.tomcat\ROOT
ContextConfig[]: Added certificates -> request attribute Valve
StandardManager[]: Seeding random number generator class java.security.SecureRandom
StandardManager[]: Seeding of random number generator has been completed
StandardWrapper[:default]: Loading container servlet default
StandardWrapper[:invoker]: Loading container servlet invoker
CoyoteConnector Coyote can't register jmx for protocol
